<?xml version="1.0" encoding="UTF-8"?>
<!-- Generated by org.testng.reporters.JUnitXMLReporter -->
<testsuite hostname="anambood-lap1" ignored="0" name="AppliTools Tests" tests="5" failures="0" timestamp="2019-11-11T21:25:58 IST" time="254.806" errors="0">
  <testcase name="@AfterClass closeAppliTools" time="1.761" classname="ApplitoolsTests.TestBaseVisualAITests">
    <failure type="com.applitools.eyes.exceptions.DiffsFoundException" message="Test &amp;apos;Dynamic Content Visual AI Test&amp;apos; of &amp;apos;Hackathon App&amp;apos; detected differences! See details at: https://eyes.applitools.com/app/batches/00000251828813059105/00000251828813057867?accountId=T8r4Qx05mkmicH8eYB4Xzg~~">
      <![CDATA[com.applitools.eyes.exceptions.DiffsFoundException: Test 'Dynamic Content Visual AI Test' of 'Hackathon App' detected differences! See details at: https://eyes.applitools.com/app/batches/00000251828813059105/00000251828813057867?accountId=T8r4Qx05mkmicH8eYB4Xzg~~
at com.applitools.eyes.EyesBase.logSessionResultsAndThrowException(EyesBase.java:524)
at com.applitools.eyes.selenium.ClassicRunner.getAllTestResultsImpl(ClassicRunner.java:30)
at com.applitools.eyes.EyesRunner.getAllTestResults(EyesRunner.java:23)
at com.applitools.eyes.EyesRunner.getAllTestResults(EyesRunner.java:17)
at ApplitoolsTests.TestBaseVisualAITests.closeAppliTools(TestBaseVisualAITests.java:48)
at java.util.ArrayList.forEach(ArrayList.java:1249)
... Removed 29 stack frames]]>
    </failure>
  </testcase> <!-- @AfterClass closeAppliTools -->
  <testcase name="verifyUIVisualAITest" time="32.435" classname="ApplitoolsTests.UIElementsVisualAITests"/>
  <testcase name="verifyLoginVisualAITest" time="41.456" classname="ApplitoolsTests.DataDrivenVisualAITests"/>
  <testcase name="verifyTableSortVisualAITest" time="21.435" classname="ApplitoolsTests.TableSortVisualAITests"/>
  <testcase name="verifyCanvasChartVisualAITest" time="28.098" classname="ApplitoolsTests.CanvasChartVisualAITests"/>
  <testcase name="verifyDynamicContentVisualAITest" time="103.84" classname="ApplitoolsTests.DynamicContentVisualAITests"/>
</testsuite> <!-- AppliTools Tests -->
