<?xml version="1.0" encoding="UTF-8"?>
<testsuite xmlns:xsi="http://www.w3.org/2001/XMLSchema-instance" xsi:noNamespaceSchemaLocation="https://maven.apache.org/surefire/maven-surefire-plugin/xsd/surefire-test-report-3.0.xsd" version="3.0" name="TestSuite" time="256.251" tests="6" errors="0" skipped="0" failures="1">
  <properties>
[...]
</properties>
  <testcase name="verifyUIVisualAITest" classname="ApplitoolsTests.UIElementsVisualAITests" time="32.438"/>
  <testcase name="verifyLoginVisualAITest" classname="ApplitoolsTests.DataDrivenVisualAITests" time="41.432"/>
  <testcase name="verifyTableSortVisualAITest" classname="ApplitoolsTests.TableSortVisualAITests" time="21.419"/>
  <testcase name="verifyCanvasChartVisualAITest" classname="ApplitoolsTests.CanvasChartVisualAITests" time="28.087"/>
  <testcase name="verifyDynamicContentVisualAITest" classname="ApplitoolsTests.DynamicContentVisualAITests" time="103.835"/>
  <testcase name="closeAppliTools" classname="ApplitoolsTests.DynamicContentVisualAITests" time="105.616">
    <failure message="Test &apos;Dynamic Content Visual AI Test&apos; of &apos;Hackathon App&apos; detected differences! See details at: https://eyes.applitools.com/app/batches/00000251828813059105/00000251828813057867?accountId=T8r4Qx05mkmicH8eYB4Xzg~~" type="com.applitools.eyes.exceptions.DiffsFoundException">com.applitools.eyes.exceptions.DiffsFoundException: Test 'Dynamic Content Visual AI Test' of 'Hackathon App' detected differences! See details at: https://eyes.applitools.com/app/batches/00000251828813059105/00000251828813057867?accountId=T8r4Qx05mkmicH8eYB4Xzg~~
</failure>
  </testcase>
</testsuite>