<?xml version="1.0" encoding="UTF-8"?>
<testng-results skipped="0" failed="0" ignored="0" total="5" passed="5">
  <reporter-output>
  </reporter-output>
  <suite name="Applitools Hackathon Applitools Test Suite" duration-ms="254806" started-at="2019-11-11T21:21:43 IST" finished-at="2019-11-11T21:25:58 IST">
    <groups>
    </groups>
    <test name="AppliTools Tests" duration-ms="254806" started-at="2019-11-11T21:21:43 IST" finished-at="2019-11-11T21:25:58 IST">
      <class name="ApplitoolsTests.DynamicContentVisualAITests">
        <test-method status="PASS" signature="initializeAppliTools()[pri:0, instance:ApplitoolsTests.DynamicContentVisualAITests@eec5a4a]" name="initializeAppliTools" is-config="true" duration-ms="3176" started-at="2019-11-11T21:24:09 IST" finished-at="2019-11-11T21:24:12 IST">
          <reporter-output>
          </reporter-output>
        </test-method> <!-- initializeAppliTools -->
        <test-method status="PASS" signature="verifyDynamicContentVisualAITest()[pri:0, instance:ApplitoolsTests.DynamicContentVisualAITests@eec5a4a]" name="verifyDynamicContentVisualAITest" duration-ms="103840" started-at="2019-11-11T21:24:12 IST" finished-at="2019-11-11T21:25:56 IST">
          <reporter-output>
          </reporter-output>
        </test-method> <!-- verifyDynamicContentVisualAITest -->
        <test-method status="FAIL" signature="closeAppliTools()[pri:0, instance:ApplitoolsTests.DynamicContentVisualAITests@eec5a4a]" name="closeAppliTools" is-config="true" duration-ms="1761" started-at="2019-11-11T21:25:56 IST" finished-at="2019-11-11T21:25:58 IST">
          <exception class="com.applitools.eyes.exceptions.DiffsFoundException">
            <message>
              <![CDATA[Test 'Dynamic Content Visual AI Test' of 'Hackathon App' detected differences! See details at: https://eyes.applitools.com/app/batches/00000251828813059105/00000251828813057867?accountId=T8r4Qx05mkmicH8eYB4Xzg~~]]>
            </message>
            <full-stacktrace>
              <![CDATA[com.applitools.eyes.exceptions.DiffsFoundException: Test 'Dynamic Content Visual AI Test' of 'Hackathon App' detected differences! See details at: https://eyes.applitools.com/app/batches/00000251828813059105/00000251828813057867?accountId=T8r4Qx05mkmicH8eYB4Xzg~~
at com.applitools.eyes.EyesBase.logSessionResultsAndThrowException(EyesBase.java:524)
at com.applitools.eyes.selenium.ClassicRunner.getAllTestResultsImpl(ClassicRunner.java:30)
at com.applitools.eyes.EyesRunner.getAllTestResults(EyesRunner.java:23)
at com.applitools.eyes.EyesRunner.getAllTestResults(EyesRunner.java:17)
at ApplitoolsTests.TestBaseVisualAITests.closeAppliTools(TestBaseVisualAITests.java:48)
at sun.reflect.NativeMethodAccessorImpl.invoke0(Native Method)
at sun.reflect.NativeMethodAccessorImpl.invoke(NativeMethodAccessorImpl.java:62)
at sun.reflect.DelegatingMethodAccessorImpl.invoke(DelegatingMethodAccessorImpl.java:43)
at java.lang.reflect.Method.invoke(Method.java:498)
at org.testng.internal.MethodInvocationHelper.invokeMethod(MethodInvocationHelper.java:133)
at org.testng.internal.MethodInvocationHelper.invokeMethodConsideringTimeout(MethodInvocationHelper.java:62)
at org.testng.internal.ConfigInvoker.invokeConfigurationMethod(ConfigInvoker.java:340)
at org.testng.internal.ConfigInvoker.invokeConfigurations(ConfigInvoker.java:294)
at org.testng.internal.TestMethodWorker.invokeAfterClassMethods(TestMethodWorker.java:217)
at org.testng.internal.TestMethodWorker.run(TestMethodWorker.java:130)
at java.util.ArrayList.forEach(ArrayList.java:1249)
at org.testng.TestRunner.privateRun(TestRunner.java:770)
at org.testng.TestRunner.run(TestRunner.java:591)
at org.testng.SuiteRunner.runTest(SuiteRunner.java:402)
at org.testng.SuiteRunner.runSequentially(SuiteRunner.java:396)
at org.testng.SuiteRunner.privateRun(SuiteRunner.java:355)
at org.testng.SuiteRunner.run(SuiteRunner.java:304)
at org.testng.SuiteRunnerWorker.runSuite(SuiteRunnerWorker.java:53)
at org.testng.SuiteRunnerWorker.run(SuiteRunnerWorker.java:96)
at org.testng.TestNG.runSuitesSequentially(TestNG.java:1180)
at org.testng.TestNG.runSuitesLocally(TestNG.java:1102)
at org.testng.TestNG.runSuites(TestNG.java:1032)
at org.testng.TestNG.run(TestNG.java:1000)
at org.apache.maven.surefire.testng.TestNGExecutor.run(TestNGExecutor.java:283)
at org.apache.maven.surefire.testng.TestNGXmlTestSuite.execute(TestNGXmlTestSuite.java:75)
at org.apache.maven.surefire.testng.TestNGProvider.invoke(TestNGProvider.java:120)
at org.apache.maven.surefire.booter.ForkedBooter.invokeProviderInSameClassLoader(ForkedBooter.java:384)
at org.apache.maven.surefire.booter.ForkedBooter.runSuitesInProcess(ForkedBooter.java:345)
at org.apache.maven.surefire.booter.ForkedBooter.execute(ForkedBooter.java:126)
at org.apache.maven.surefire.booter.ForkedBooter.main(ForkedBooter.java:418)
]]>
            </full-stacktrace>
          </exception> <!-- com.applitools.eyes.exceptions.DiffsFoundException -->
          <reporter-output>
          </reporter-output>
        </test-method> <!-- closeAppliTools -->
      </class> <!-- ApplitoolsTests.DynamicContentVisualAITests -->
      <class name="ApplitoolsTests.UIElementsVisualAITests">
        <test-method status="PASS" signature="initializeAppliTools()[pri:0, instance:ApplitoolsTests.UIElementsVisualAITests@185d8b6]" name="initializeAppliTools" is-config="true" duration-ms="5195" started-at="2019-11-11T21:21:43 IST" finished-at="2019-11-11T21:21:48 IST">
          <reporter-output>
          </reporter-output>
        </test-method> <!-- initializeAppliTools -->
        <test-method status="PASS" signature="verifyUIVisualAITest()[pri:0, instance:ApplitoolsTests.UIElementsVisualAITests@185d8b6]" name="verifyUIVisualAITest" duration-ms="32435" started-at="2019-11-11T21:21:48 IST" finished-at="2019-11-11T21:22:21 IST">
          <reporter-output>
          </reporter-output>
        </test-method> <!-- verifyUIVisualAITest -->
        <test-method status="PASS" signature="closeAppliTools()[pri:0, instance:ApplitoolsTests.UIElementsVisualAITests@185d8b6]" name="closeAppliTools" is-config="true" duration-ms="1715" started-at="2019-11-11T21:22:21 IST" finished-at="2019-11-11T21:22:22 IST">
          <reporter-output>
          </reporter-output>
        </test-method> <!-- closeAppliTools -->
      </class> <!-- ApplitoolsTests.UIElementsVisualAITests -->
      <class name="ApplitoolsTests.TableSortVisualAITests">
        <test-method status="PASS" signature="initializeAppliTools()[pri:0, instance:ApplitoolsTests.TableSortVisualAITests@335eadca]" name="initializeAppliTools" is-config="true" duration-ms="3318" started-at="2019-11-11T21:23:09 IST" finished-at="2019-11-11T21:23:12 IST">
          <reporter-output>
          </reporter-output>
        </test-method> <!-- initializeAppliTools -->
        <test-method status="PASS" signature="verifyTableSortVisualAITest()[pri:0, instance:ApplitoolsTests.TableSortVisualAITests@335eadca]" name="verifyTableSortVisualAITest" duration-ms="21435" started-at="2019-11-11T21:23:12 IST" finished-at="2019-11-11T21:23:34 IST">
          <reporter-output>
          </reporter-output>
        </test-method> <!-- verifyTableSortVisualAITest -->
        <test-method status="PASS" signature="closeAppliTools()[pri:0, instance:ApplitoolsTests.TableSortVisualAITests@335eadca]" name="closeAppliTools" is-config="true" duration-ms="1766" started-at="2019-11-11T21:23:34 IST" finished-at="2019-11-11T21:23:35 IST">
          <reporter-output>
          </reporter-output>
        </test-method> <!-- closeAppliTools -->
      </class> <!-- ApplitoolsTests.TableSortVisualAITests -->
      <class name="ApplitoolsTests.CanvasChartVisualAITests">
        <test-method status="PASS" signature="initializeAppliTools()[pri:0, instance:ApplitoolsTests.CanvasChartVisualAITests@210366b4]" name="initializeAppliTools" is-config="true" duration-ms="3235" started-at="2019-11-11T21:23:35 IST" finished-at="2019-11-11T21:23:39 IST">
          <reporter-output>
          </reporter-output>
        </test-method> <!-- initializeAppliTools -->
        <test-method status="PASS" signature="verifyCanvasChartVisualAITest()[pri:0, instance:ApplitoolsTests.CanvasChartVisualAITests@210366b4]" name="verifyCanvasChartVisualAITest" duration-ms="28098" started-at="2019-11-11T21:23:39 IST" finished-at="2019-11-11T21:24:07 IST">
          <reporter-output>
          </reporter-output>
        </test-method> <!-- verifyCanvasChartVisualAITest -->
        <test-method status="PASS" signature="closeAppliTools()[pri:0, instance:ApplitoolsTests.CanvasChartVisualAITests@210366b4]" name="closeAppliTools" is-config="true" duration-ms="2262" started-at="2019-11-11T21:24:07 IST" finished-at="2019-11-11T21:24:09 IST">
          <reporter-output>
          </reporter-output>
        </test-method> <!-- closeAppliTools -->
      </class> <!-- ApplitoolsTests.CanvasChartVisualAITests -->
      <class name="ApplitoolsTests.DataDrivenVisualAITests">
        <test-method status="PASS" signature="initializeAppliTools()[pri:0, instance:ApplitoolsTests.DataDrivenVisualAITests@67784306]" name="initializeAppliTools" is-config="true" duration-ms="3171" started-at="2019-11-11T21:22:22 IST" finished-at="2019-11-11T21:22:25 IST">
          <reporter-output>
          </reporter-output>
        </test-method> <!-- initializeAppliTools -->
        <test-method status="PASS" signature="verifyLoginVisualAITest()[pri:0, instance:ApplitoolsTests.DataDrivenVisualAITests@67784306]" name="verifyLoginVisualAITest" duration-ms="41456" started-at="2019-11-11T21:22:25 IST" finished-at="2019-11-11T21:23:07 IST">
          <reporter-output>
          </reporter-output>
        </test-method> <!-- verifyLoginVisualAITest -->
        <test-method status="PASS" signature="closeAppliTools()[pri:0, instance:ApplitoolsTests.DataDrivenVisualAITests@67784306]" name="closeAppliTools" is-config="true" duration-ms="1862" started-at="2019-11-11T21:23:07 IST" finished-at="2019-11-11T21:23:09 IST">
          <reporter-output>
          </reporter-output>
        </test-method> <!-- closeAppliTools -->
      </class> <!-- ApplitoolsTests.DataDrivenVisualAITests -->
    </test> <!-- AppliTools Tests -->
  </suite> <!-- Applitools Hackathon Applitools Test Suite -->
</testng-results>
